Wed, May 14, 2025  8:20:11 AM: 
 sudoku.c | 15 +++++++++++++++
 1 file changed, 15 insertions(+)
Compilation failed
In file included from test.c:5:0:
sudoku.c: In function 'get_adj_nodes':
sudoku.c:63:13: error: implicit declaration of function 'addNode' [-Werror=implicit-function-declaration]
             addNode(list, new_node);
             ^~~~~~~
cc1.exe: all warnings being treated as errors
3f0e54c
Wed, May 14, 2025  8:20:28 AM: 
 sudoku.c | 2 +-
 1 file changed, 1 insertion(+), 1 deletion(-)
 tests:  2|4
total_score: 15/70
023ae84
Wed, May 14, 2025  8:22:41 AM: 
 sudoku.c | 3 +--
 1 file changed, 1 insertion(+), 2 deletions(-)
 tests:  2|4
total_score: 15/70
7a4a428
Wed, May 14, 2025  8:33:47 AM: 
 sudoku.c | 10 +++++++++-
 1 file changed, 9 insertions(+), 1 deletion(-)
 tests:  2|4
total_score: 15/70
a0ae6d1
Wed, May 14, 2025  8:40:58 AM: 
 sudoku.c | 25 +++++++++++++++++++++++++
 1 file changed, 25 insertions(+)
Compilation failed
test.c: In function 'is_valid':
test.c:245:5: error: 'main' is normally a non-static function [-Werror=main]
 int main( int argc, char *argv[] ) {
     ^~~~
test.c:262:1: error: expected declaration or statement at end of input
 }
 ^
test.c:262:1: error: control reaches end of non-void function [-Werror=return-type]
 }
 ^
At top level:
test.c:245:5: error: 'main' defined but not used [-Werror=unused-function]
 int main( int argc, char *argv[] ) {
     ^~~~
test.c:7:8: error: '_strdup' defined but not used [-Werror=unused-function]
 char * _strdup(const char * str) {
        ^~~~~~~
cc1.exe: all warnings being treated as errors
261f4fc
Wed, May 14, 2025  8:41:32 AM: 
 sudoku.c | 1 +
 1 file changed, 1 insertion(+)
 tests:  2|4
total_score: 15/70
843355f
Wed, May 14, 2025  8:44:39 AM: 
 sudoku.c | 8 +++-----
 1 file changed, 3 insertions(+), 5 deletions(-)
Compilation failed
In file included from test.c:5:0:
sudoku.c: In function 'is_valid':
sudoku.c:70:13: error: unused variable 'arreglo' [-Werror=unused-variable]
         int arreglo[10] = {};
             ^~~~~~~
cc1.exe: all warnings being treated as errors
5f8cf16
Wed, May 14, 2025  8:44:54 AM: 
 sudoku.c | 2 --
 1 file changed, 2 deletions(-)
 tests:  2|4
total_score: 15/70
2201c6d
Wed, May 14, 2025  8:45:44 AM: 
 sudoku.c | 4 ++--
 1 file changed, 2 insertions(+), 2 deletions(-)
 tests:  2|4
total_score: 15/70
a50600b
Wed, May 14, 2025  8:47:40 AM: 
 sudoku.c | 42 ++++++++++++++++++++++++++++--------------
 1 file changed, 28 insertions(+), 14 deletions(-)
 tests:  5|3
total_score: 35/70
7ecfe58
Wed, May 14, 2025  8:49:12 AM: 
 sudoku.c | 1 +
 1 file changed, 1 insertion(+)
 tests:  6|2
total_score: 45/70
fb36929
Wed, May 14, 2025  8:55:34 AM: 
 sudoku.c | 36 +++++++++++++++---------------------
 1 file changed, 15 insertions(+), 21 deletions(-)
 tests:  0|5
total_score: 0/70
ec127c3
Wed, May 14, 2025  8:56:38 AM: 
 sudoku.c | 30 ++++++++++++++++++------------
 1 file changed, 18 insertions(+), 12 deletions(-)
 tests:  6|2
total_score: 45/70
4f2a8cc
Wed, May 14, 2025  9:00:32 AM: 
 sudoku.c | 18 +++++++++---------
 1 file changed, 9 insertions(+), 9 deletions(-)
 tests:  6|2
total_score: 45/70
805ccab
Wed, May 14, 2025  9:03:45 AM: 
 sudoku.c | 4 ++++
 1 file changed, 4 insertions(+)
 tests:  7|1
total_score: 55/70
0277f59
Wed, May 14, 2025  9:05:34 AM: 
 sudoku.c | 42 ++++++++++++++++++++++++++++++++++++++++++
 1 file changed, 42 insertions(+)
Compilation failed
In file included from test.c:5:0:
sudoku.c: In function 'DFS':
sudoku.c:130:5: error: implicit declaration of function 'addNode' [-Werror=implicit-function-declaration]
     addNode(stack, initial);
     ^~~~~~~
sudoku.c:136:17: error: dereferencing pointer to incomplete type 'List {aka struct List}'
     while (stack->head != NULL) {
                 ^~
sudoku.c:156:32: error: 'Node {aka struct <anonymous>}' has no member named 'next'
             adj_node = adj_node->next;
                                ^~
cc1.exe: all warnings being treated as errors
5a42147
Wed, May 14, 2025  9:21:19 AM: 
 sudoku.c | 49 ++++++++++---------------------------------------
 1 file changed, 10 insertions(+), 39 deletions(-)
Compilation failed
In file included from test.c:5:0:
sudoku.c: In function 'DFS':
sudoku.c:127:8: error: passing argument 1 of 'push' from incompatible pointer type [-Werror=incompatible-pointer-types]
   push(initial, pila);
        ^~~~~~~
In file included from test.c:4:0:
list.h:33:6: note: expected 'Stack * {aka struct List *}' but argument is of type 'Node * {aka struct <anonymous> *}'
 void push(Stack* s, void* data);
      ^~~~
In file included from test.c:5:0:
sudoku.c:134:10: error: passing argument 1 of 'push' from incompatible pointer type [-Werror=incompatible-pointer-types]
     push(aux,pila);
          ^~~
In file included from test.c:4:0:
list.h:33:6: note: expected 'Stack * {aka struct List *}' but argument is of type 'Node * {aka struct <anonymous> *}'
 void push(Stack* s, void* data);
      ^~~~
cc1.exe: all warnings being treated as errors
8cd7862
Wed, May 14, 2025  9:21:57 AM: 
 sudoku.c | 4 ++--
 1 file changed, 2 insertions(+), 2 deletions(-)
 tests:  0|0
15d1a81
Wed, May 14, 2025  9:26:55 AM: 
 sudoku.c | 25 ++++++++++++++++++++++++-
 1 file changed, 24 insertions(+), 1 deletion(-)
Compilation failed
In file included from test.c:5:0:
sudoku.c: In function 'DFS':
sudoku.c:156:29: error: passing argument 1 of 'next' from incompatible pointer type [-Werror=incompatible-pointer-types]
             adj_node = next(adj_node);
                             ^~~~~~~~
In file included from test.c:4:0:
list.h:17:7: note: expected 'List * {aka struct List *}' but argument is of type 'Node * {aka struct <anonymous> *}'
 void* next(List* list);
       ^~~~
cc1.exe: all warnings being treated as errors
9ab2400
Wed, May 14, 2025  9:31:37 AM: 
 sudoku.c | 19 +++----------------
 1 file changed, 3 insertions(+), 16 deletions(-)
Compilation failed
In file included from test.c:5:0:
sudoku.c: In function 'DFS':
sudoku.c:150:1: error: control reaches end of non-void function [-Werror=return-type]
 }
 ^
cc1.exe: all warnings being treated as errors
4b63284
Wed, May 14, 2025  9:31:46 AM: 
 sudoku.c | 4 ++--
 1 file changed, 2 insertions(+), 2 deletions(-)
Compilation failed
test.c: In function 'DFS':
test.c:245:5: error: 'main' is normally a non-static function [-Werror=main]
 int main( int argc, char *argv[] ) {
     ^~~~
test.c:262:1: error: expected declaration or statement at end of input
 }
 ^
test.c:262:1: error: control reaches end of non-void function [-Werror=return-type]
 }
 ^
At top level:
test.c:245:5: error: 'main' defined but not used [-Werror=unused-function]
 int main( int argc, char *argv[] ) {
     ^~~~
test.c:7:8: error: '_strdup' defined but not used [-Werror=unused-function]
 char * _strdup(const char * str) {
        ^~~~~~~
cc1.exe: all warnings being treated as errors
04a1299
Wed, May 14, 2025  9:32:06 AM: 
 sudoku.c | 4 ++--
 1 file changed, 2 insertions(+), 2 deletions(-)
 tests:  7|1
total_score: 55/70
a3c015c
Wed, May 14, 2025 11:27:38 PM: 
 sudoku.c | 25 +++++++++++++++++++++++++
 1 file changed, 25 insertions(+)
Compilation failed
test.c:7:8: error: '_strdup' redeclared without dllimport attribute: previous dllimport ignored [-Werror=attributes]
    7 | char * _strdup(const char * str) {
      |        ^~~~~~~
cc1.exe: all warnings being treated as errors
622b448
Wed, May 14, 2025 11:31:12 PM: 
 tests:  10|0
total_score: 70/70
589293e
Wed, May 14, 2025 11:35:21 PM: 
 sudoku.c | 24 ------------------------
 1 file changed, 24 deletions(-)
 tests:  10|0
total_score: 70/70
908b100
Wed, May 14, 2025 11:37:40 PM: 
 sudoku.c | 4 +---
 1 file changed, 1 insertion(+), 3 deletions(-)
Compilation failed
test.c:7:8: warning: '_strdup' redeclared without dllimport attribute: previous dllimport ignored [-Wattributes]
    7 | char * _strdup(const char * str) {
      |        ^~~~~~~
test.c:245:5: error: redefinition of 'main'
  245 | int main( int argc, char *argv[] ) {
      |     ^~~~
In file included from test.c:5:
sudoku.c:154:5: note: previous definition of 'main' with type 'int(int,  char **)'
  154 | int main( int argc, char *argv[] ){
      |     ^~~~
9323b46
Wed, May 14, 2025 11:38:14 PM: 
Compilation failed
test.c:7:8: warning: '_strdup' redeclared without dllimport attribute: previous dllimport ignored [-Wattributes]
    7 | char * _strdup(const char * str) {
      |        ^~~~~~~
test.c:245:5: error: redefinition of 'main'
  245 | int main( int argc, char *argv[] ) {
      |     ^~~~
In file included from test.c:5:
sudoku.c:154:5: note: previous definition of 'main' with type 'int(int,  char **)'
  154 | int main( int argc, char *argv[] ){
      |     ^~~~
8d81354
Wed, May 14, 2025 11:39:30 PM: 
Compilation failed
test.c:7:8: warning: '_strdup' redeclared without dllimport attribute: previous dllimport ignored [-Wattributes]
    7 | char * _strdup(const char * str) {
      |        ^~~~~~~
test.c:245:5: error: redefinition of 'main'
  245 | int main( int argc, char *argv[] ) {
      |     ^~~~
In file included from test.c:5:
sudoku.c:154:5: note: previous definition of 'main' with type 'int(int,  char **)'
  154 | int main( int argc, char *argv[] ){
      |     ^~~~
626fe45
Wed, May 14, 2025 11:40:01 PM: 
Compilation failed
test.c:7:8: warning: '_strdup' redeclared without dllimport attribute: previous dllimport ignored [-Wattributes]
    7 | char * _strdup(const char * str) {
      |        ^~~~~~~
test.c:245:5: error: redefinition of 'main'
  245 | int main( int argc, char *argv[] ) {
      |     ^~~~
In file included from test.c:5:
sudoku.c:154:5: note: previous definition of 'main' with type 'int(int,  char **)'
  154 | int main( int argc, char *argv[] ){
      |     ^~~~
774c871
Wed, May 14, 2025 11:52:22 PM: 
Compilation failed
test.c:7:8: warning: '_strdup' redeclared without dllimport attribute: previous dllimport ignored [-Wattributes]
    7 | char * _strdup(const char * str) {
      |        ^~~~~~~
test.c:245:5: error: redefinition of 'main'
  245 | int main( int argc, char *argv[] ) {
      |     ^~~~
In file included from test.c:5:
sudoku.c:154:5: note: previous definition of 'main' with type 'int(int,  char **)'
  154 | int main( int argc, char *argv[] ){
      |     ^~~~
a63c218
Wed, May 14, 2025 11:53:39 PM: 
 sudoku.c | 4 ++--
 1 file changed, 2 insertions(+), 2 deletions(-)
 tests:  10|0
total_score: 70/70
2475886
Thu, May 15, 2025 12:04:48 AM: 
 sudoku.c | 7 ++++---
 1 file changed, 4 insertions(+), 3 deletions(-)
Compilation failed
test.c:7:8: error: '_strdup' redeclared without dllimport attribute: previous dllimport ignored [-Werror=attributes]
    7 | char * _strdup(const char * str) {
      |        ^~~~~~~
cc1.exe: all warnings being treated as errors
97570de
Thu, May 15, 2025 12:06:17 AM: 
 tests:  10|0
total_score: 70/70
dc1495b
